[04-Sep-2017 11:08:08 America/Bogota] PHP Notice:  Undefined index: autorizado in /media/windows/mantenimiento/app/mdl_usuario/Controlador_usuario.php on line 235
[04-Sep-2017 11:08:08 America/Bogota] PHP Notice:  A session had already been started - ignoring session_start() in /media/windows/mantenimiento/app/mdl_usuario/Controlador_usuario.php on line 259
[04-Sep-2017 11:08:08 America/Bogota] PHP Notice:  Undefined index: autorizado in /media/windows/mantenimiento/app/mdl_usuario/Controlador_usuario.php on line 304
[04-Sep-2017 11:08:08 America/Bogota] PHP Notice:  A session had already been started - ignoring session_start() in /media/windows/mantenimiento/app/mdl_usuario/Controlador_usuario.php on line 215
[04-Sep-2017 11:08:08 America/Bogota] PHP Notice:  Undefined index: perfil in /media/windows/mantenimiento/app/mdl_usuario/Controlador_usuario.php on line 227
[04-Sep-2017 11:28:09 America/Bogota] PHP Notice:  Undefined index: autorizado in /media/windows/mantenimiento/app/mdl_usuario/Controlador_usuario.php on line 235
[04-Sep-2017 11:28:09 America/Bogota] PHP Notice:  A session had already been started - ignoring session_start() in /media/windows/mantenimiento/app/mdl_usuario/Controlador_usuario.php on line 259
[04-Sep-2017 11:28:09 America/Bogota] PHP Notice:  Undefined index: autorizado in /media/windows/mantenimiento/app/mdl_usuario/Controlador_usuario.php on line 304
[04-Sep-2017 11:28:09 America/Bogota] PHP Notice:  A session had already been started - ignoring session_start() in /media/windows/mantenimiento/app/mdl_usuario/Controlador_usuario.php on line 215
[04-Sep-2017 11:28:09 America/Bogota] PHP Notice:  Undefined index: perfil in /media/windows/mantenimiento/app/mdl_usuario/Controlador_usuario.php on line 227
[04-Sep-2017 11:31:09 America/Bogota] PHP Notice:  Undefined index: autorizado in /media/windows/mantenimiento/app/mdl_usuario/Controlador_usuario.php on line 235
[04-Sep-2017 11:31:09 America/Bogota] PHP Notice:  A session had already been started - ignoring session_start() in /media/windows/mantenimiento/app/mdl_usuario/Controlador_usuario.php on line 259
[04-Sep-2017 11:31:09 America/Bogota] PHP Notice:  Undefined index: autorizado in /media/windows/mantenimiento/app/mdl_usuario/Controlador_usuario.php on line 304
[04-Sep-2017 11:31:09 America/Bogota] PHP Notice:  A session had already been started - ignoring session_start() in /media/windows/mantenimiento/app/mdl_usuario/Controlador_usuario.php on line 215
[04-Sep-2017 11:31:09 America/Bogota] PHP Notice:  Undefined index: perfil in /media/windows/mantenimiento/app/mdl_usuario/Controlador_usuario.php on line 227
[04-Sep-2017 11:31:33 America/Bogota] PHP Notice:  Undefined index: autorizado in /media/windows/mantenimiento/app/mdl_usuario/Controlador_usuario.php on line 235
[04-Sep-2017 11:31:33 America/Bogota] PHP Notice:  A session had already been started - ignoring session_start() in /media/windows/mantenimiento/app/mdl_usuario/Controlador_usuario.php on line 259
[04-Sep-2017 11:31:33 America/Bogota] PHP Notice:  Undefined index: autorizado in /media/windows/mantenimiento/app/mdl_usuario/Controlador_usuario.php on line 304
[04-Sep-2017 11:31:33 America/Bogota] PHP Notice:  A session had already been started - ignoring session_start() in /media/windows/mantenimiento/app/mdl_usuario/Controlador_usuario.php on line 215
[04-Sep-2017 11:31:33 America/Bogota] PHP Notice:  Undefined index: perfil in /media/windows/mantenimiento/app/mdl_usuario/Controlador_usuario.php on line 227
[04-Sep-2017 11:31:48 America/Bogota] PHP Notice:  Undefined index: autorizado in /media/windows/mantenimiento/app/mdl_usuario/Controlador_usuario.php on line 235
[04-Sep-2017 11:31:48 America/Bogota] PHP Notice:  A session had already been started - ignoring session_start() in /media/windows/mantenimiento/app/mdl_usuario/Controlador_usuario.php on line 259
[04-Sep-2017 11:31:48 America/Bogota] PHP Notice:  Undefined index: autorizado in /media/windows/mantenimiento/app/mdl_usuario/Controlador_usuario.php on line 304
[04-Sep-2017 11:31:48 America/Bogota] PHP Notice:  A session had already been started - ignoring session_start() in /media/windows/mantenimiento/app/mdl_usuario/Controlador_usuario.php on line 215
[04-Sep-2017 11:31:48 America/Bogota] PHP Notice:  Undefined index: perfil in /media/windows/mantenimiento/app/mdl_usuario/Controlador_usuario.php on line 227
[04-Sep-2017 11:31:58 America/Bogota] PHP Notice:  Undefined index: autorizado in /media/windows/mantenimiento/app/mdl_usuario/Controlador_usuario.php on line 235
[04-Sep-2017 11:31:58 America/Bogota] PHP Notice:  A session had already been started - ignoring session_start() in /media/windows/mantenimiento/app/mdl_usuario/Controlador_usuario.php on line 259
[04-Sep-2017 11:31:58 America/Bogota] PHP Notice:  Undefined index: autorizado in /media/windows/mantenimiento/app/mdl_usuario/Controlador_usuario.php on line 304
[04-Sep-2017 11:31:58 America/Bogota] PHP Notice:  A session had already been started - ignoring session_start() in /media/windows/mantenimiento/app/mdl_usuario/Controlador_usuario.php on line 215
[04-Sep-2017 11:31:58 America/Bogota] PHP Notice:  Undefined index: perfil in /media/windows/mantenimiento/app/mdl_usuario/Controlador_usuario.php on line 227
[04-Sep-2017 11:32:12 America/Bogota] PHP Notice:  Undefined index: autorizado in /media/windows/mantenimiento/app/mdl_usuario/Controlador_usuario.php on line 235
[04-Sep-2017 11:32:12 America/Bogota] PHP Notice:  A session had already been started - ignoring session_start() in /media/windows/mantenimiento/app/mdl_usuario/Controlador_usuario.php on line 259
[04-Sep-2017 11:32:12 America/Bogota] PHP Notice:  Undefined index: autorizado in /media/windows/mantenimiento/app/mdl_usuario/Controlador_usuario.php on line 304
[04-Sep-2017 11:32:12 America/Bogota] PHP Notice:  A session had already been started - ignoring session_start() in /media/windows/mantenimiento/app/mdl_usuario/Controlador_usuario.php on line 215
[04-Sep-2017 11:32:12 America/Bogota] PHP Notice:  Undefined index: perfil in /media/windows/mantenimiento/app/mdl_usuario/Controlador_usuario.php on line 227
[04-Sep-2017 11:32:32 America/Bogota] PHP Notice:  Undefined index: autorizado in /media/windows/mantenimiento/app/mdl_usuario/Controlador_usuario.php on line 235
[04-Sep-2017 11:32:32 America/Bogota] PHP Notice:  A session had already been started - ignoring session_start() in /media/windows/mantenimiento/app/mdl_usuario/Controlador_usuario.php on line 259
[04-Sep-2017 11:32:32 America/Bogota] PHP Notice:  Undefined index: autorizado in /media/windows/mantenimiento/app/mdl_usuario/Controlador_usuario.php on line 304
[04-Sep-2017 11:32:32 America/Bogota] PHP Notice:  A session had already been started - ignoring session_start() in /media/windows/mantenimiento/app/mdl_usuario/Controlador_usuario.php on line 215
[04-Sep-2017 11:32:32 America/Bogota] PHP Notice:  Undefined index: perfil in /media/windows/mantenimiento/app/mdl_usuario/Controlador_usuario.php on line 227
[04-Sep-2017 11:33:34 America/Bogota] PHP Notice:  Undefined index: autorizado in /media/windows/mantenimiento/app/mdl_usuario/Controlador_usuario.php on line 235
[04-Sep-2017 11:33:34 America/Bogota] PHP Notice:  A session had already been started - ignoring session_start() in /media/windows/mantenimiento/app/mdl_usuario/Controlador_usuario.php on line 259
[04-Sep-2017 11:33:34 America/Bogota] PHP Notice:  Undefined index: autorizado in /media/windows/mantenimiento/app/mdl_usuario/Controlador_usuario.php on line 304
[04-Sep-2017 11:33:34 America/Bogota] PHP Notice:  A session had already been started - ignoring session_start() in /media/windows/mantenimiento/app/mdl_usuario/Controlador_usuario.php on line 215
[04-Sep-2017 11:33:34 America/Bogota] PHP Notice:  Undefined index: perfil in /media/windows/mantenimiento/app/mdl_usuario/Controlador_usuario.php on line 227
[04-Sep-2017 11:33:56 America/Bogota] PHP Notice:  Undefined index: autorizado in /media/windows/mantenimiento/app/mdl_usuario/Controlador_usuario.php on line 235
[04-Sep-2017 11:33:56 America/Bogota] PHP Notice:  A session had already been started - ignoring session_start() in /media/windows/mantenimiento/app/mdl_usuario/Controlador_usuario.php on line 259
[04-Sep-2017 11:33:56 America/Bogota] PHP Notice:  Undefined index: autorizado in /media/windows/mantenimiento/app/mdl_usuario/Controlador_usuario.php on line 304
[04-Sep-2017 11:33:56 America/Bogota] PHP Notice:  A session had already been started - ignoring session_start() in /media/windows/mantenimiento/app/mdl_usuario/Controlador_usuario.php on line 215
[04-Sep-2017 11:33:56 America/Bogota] PHP Notice:  Undefined index: perfil in /media/windows/mantenimiento/app/mdl_usuario/Controlador_usuario.php on line 227
[04-Sep-2017 11:36:09 America/Bogota] PHP Notice:  Undefined index: autorizado in /media/windows/mantenimiento/app/mdl_usuario/Controlador_usuario.php on line 235
[04-Sep-2017 11:36:09 America/Bogota] PHP Notice:  A session had already been started - ignoring session_start() in /media/windows/mantenimiento/app/mdl_usuario/Controlador_usuario.php on line 259
[04-Sep-2017 11:36:10 America/Bogota] PHP Notice:  Undefined index: autorizado in /media/windows/mantenimiento/app/mdl_usuario/Controlador_usuario.php on line 304
[04-Sep-2017 11:36:10 America/Bogota] PHP Notice:  A session had already been started - ignoring session_start() in /media/windows/mantenimiento/app/mdl_usuario/Controlador_usuario.php on line 215
[04-Sep-2017 11:36:10 America/Bogota] PHP Notice:  Undefined index: perfil in /media/windows/mantenimiento/app/mdl_usuario/Controlador_usuario.php on line 227
[08-Sep-2017 10:51:14 America/Bogota] PHP Notice:  Undefined index: autorizado in /media/windows/mantenimiento/app/mdl_usuario/Controlador_usuario.php on line 235
[08-Sep-2017 10:51:15 America/Bogota] PHP Notice:  A session had already been started - ignoring session_start() in /media/windows/mantenimiento/app/mdl_usuario/Controlador_usuario.php on line 259
[08-Sep-2017 10:51:22 America/Bogota] PHP Notice:  Undefined index: autorizado in /media/windows/mantenimiento/app/mdl_usuario/Controlador_usuario.php on line 304
[08-Sep-2017 10:51:22 America/Bogota] PHP Notice:  A session had already been started - ignoring session_start() in /media/windows/mantenimiento/app/mdl_usuario/Controlador_usuario.php on line 215
[08-Sep-2017 10:51:22 America/Bogota] PHP Notice:  Undefined index: perfil in /media/windows/mantenimiento/app/mdl_usuario/Controlador_usuario.php on line 227
[08-Sep-2017 10:51:46 America/Bogota] PHP Notice:  Undefined index: autorizado in /media/windows/mantenimiento/app/mdl_usuario/Controlador_usuario.php on line 235
[08-Sep-2017 10:51:46 America/Bogota] PHP Notice:  A session had already been started - ignoring session_start() in /media/windows/mantenimiento/app/mdl_usuario/Controlador_usuario.php on line 259
[08-Sep-2017 11:14:35 America/Bogota] PHP Notice:  A session had already been started - ignoring session_start() in /media/windows/mantenimiento/app/mdl_usuario/Controlador_usuario.php on line 259
[08-Sep-2017 11:18:27 America/Bogota] PHP Notice:  A session had already been started - ignoring session_start() in /media/windows/mantenimiento/app/mdl_usuario/Controlador_usuario.php on line 259
[12-Sep-2017 12:43:03 America/Bogota] PHP Notice:  Undefined index: autorizado in C:\Users\juanc_000\Google Drive\Trabajo\mantenimiento\app\mdl_usuario\Controlador_usuario.php on line 235
[12-Sep-2017 12:43:03 America/Bogota] PHP Notice:  A session had already been started - ignoring session_start() in C:\Users\juanc_000\Google Drive\Trabajo\mantenimiento\app\mdl_usuario\Controlador_usuario.php on line 259
[12-Sep-2017 12:43:03 America/Bogota] PHP Notice:  Undefined index: autorizado in C:\Users\juanc_000\Google Drive\Trabajo\mantenimiento\app\mdl_usuario\Controlador_usuario.php on line 304
[12-Sep-2017 12:43:03 America/Bogota] PHP Notice:  A session had already been started - ignoring session_start() in C:\Users\juanc_000\Google Drive\Trabajo\mantenimiento\app\mdl_usuario\Controlador_usuario.php on line 215
[12-Sep-2017 12:43:03 America/Bogota] PHP Notice:  Undefined index: perfil in C:\Users\juanc_000\Google Drive\Trabajo\mantenimiento\app\mdl_usuario\Controlador_usuario.php on line 227
[13-Sep-2017 15:04:48 America/Bogota] PHP Notice:  A session had already been started - ignoring session_start() in C:\Users\juanc_000\Google Drive\Trabajo\mantenimiento\app\mdl_usuario\Controlador_usuario.php on line 259
[13-Sep-2017 15:04:52 America/Bogota] PHP Notice:  A session had already been started - ignoring session_start() in C:\Users\juanc_000\Google Drive\Trabajo\mantenimiento\app\mdl_usuario\Controlador_usuario.php on line 215
[13-Sep-2017 15:04:52 America/Bogota] PHP Notice:  Undefined index: perfil in C:\Users\juanc_000\Google Drive\Trabajo\mantenimiento\app\mdl_usuario\Controlador_usuario.php on line 227
[13-Sep-2017 15:04:58 America/Bogota] PHP Notice:  Undefined index: autorizado in C:\Users\juanc_000\Google Drive\Trabajo\mantenimiento\app\mdl_usuario\Controlador_usuario.php on line 235
[13-Sep-2017 15:04:58 America/Bogota] PHP Notice:  A session had already been started - ignoring session_start() in C:\Users\juanc_000\Google Drive\Trabajo\mantenimiento\app\mdl_usuario\Controlador_usuario.php on line 259
[13-Sep-2017 15:05:08 America/Bogota] PHP Notice:  A session had already been started - ignoring session_start() in C:\Users\juanc_000\Google Drive\Trabajo\mantenimiento\app\mdl_usuario\Controlador_usuario.php on line 215
[13-Sep-2017 15:05:08 America/Bogota] PHP Notice:  Undefined index: perfil in C:\Users\juanc_000\Google Drive\Trabajo\mantenimiento\app\mdl_usuario\Controlador_usuario.php on line 227
[13-Sep-2017 15:05:09 America/Bogota] PHP Notice:  Undefined index: autorizado in C:\Users\juanc_000\Google Drive\Trabajo\mantenimiento\app\mdl_usuario\Controlador_usuario.php on line 235
[13-Sep-2017 15:05:09 America/Bogota] PHP Notice:  A session had already been started - ignoring session_start() in C:\Users\juanc_000\Google Drive\Trabajo\mantenimiento\app\mdl_usuario\Controlador_usuario.php on line 259
[13-Sep-2017 15:05:09 America/Bogota] PHP Notice:  Undefined index: autorizado in C:\Users\juanc_000\Google Drive\Trabajo\mantenimiento\app\mdl_usuario\Controlador_usuario.php on line 304
[13-Sep-2017 15:05:09 America/Bogota] PHP Notice:  A session had already been started - ignoring session_start() in C:\Users\juanc_000\Google Drive\Trabajo\mantenimiento\app\mdl_usuario\Controlador_usuario.php on line 215
[13-Sep-2017 15:05:09 America/Bogota] PHP Notice:  Undefined index: perfil in C:\Users\juanc_000\Google Drive\Trabajo\mantenimiento\app\mdl_usuario\Controlador_usuario.php on line 227
[13-Sep-2017 15:05:11 America/Bogota] PHP Notice:  Undefined index: autorizado in C:\Users\juanc_000\Google Drive\Trabajo\mantenimiento\app\mdl_usuario\Controlador_usuario.php on line 235
[13-Sep-2017 15:05:11 America/Bogota] PHP Notice:  A session had already been started - ignoring session_start() in C:\Users\juanc_000\Google Drive\Trabajo\mantenimiento\app\mdl_usuario\Controlador_usuario.php on line 259
[13-Sep-2017 15:05:11 America/Bogota] PHP Notice:  Undefined index: autorizado in C:\Users\juanc_000\Google Drive\Trabajo\mantenimiento\app\mdl_usuario\Controlador_usuario.php on line 304
[13-Sep-2017 15:05:11 America/Bogota] PHP Notice:  A session had already been started - ignoring session_start() in C:\Users\juanc_000\Google Drive\Trabajo\mantenimiento\app\mdl_usuario\Controlador_usuario.php on line 215
[13-Sep-2017 15:05:11 America/Bogota] PHP Notice:  Undefined index: perfil in C:\Users\juanc_000\Google Drive\Trabajo\mantenimiento\app\mdl_usuario\Controlador_usuario.php on line 227
[13-Sep-2017 15:05:11 America/Bogota] PHP Notice:  Undefined index: autorizado in C:\Users\juanc_000\Google Drive\Trabajo\mantenimiento\app\mdl_usuario\Controlador_usuario.php on line 235
[13-Sep-2017 15:05:11 America/Bogota] PHP Notice:  A session had already been started - ignoring session_start() in C:\Users\juanc_000\Google Drive\Trabajo\mantenimiento\app\mdl_usuario\Controlador_usuario.php on line 259
[13-Sep-2017 15:05:11 America/Bogota] PHP Notice:  Undefined index: autorizado in C:\Users\juanc_000\Google Drive\Trabajo\mantenimiento\app\mdl_usuario\Controlador_usuario.php on line 304
[13-Sep-2017 15:05:11 America/Bogota] PHP Notice:  A session had already been started - ignoring session_start() in C:\Users\juanc_000\Google Drive\Trabajo\mantenimiento\app\mdl_usuario\Controlador_usuario.php on line 215
[13-Sep-2017 15:05:11 America/Bogota] PHP Notice:  Undefined index: perfil in C:\Users\juanc_000\Google Drive\Trabajo\mantenimiento\app\mdl_usuario\Controlador_usuario.php on line 227
